INFO: [HLS 200-10] Running '/opt/Xilinx_2017_2/Vivado_HLS/2017.2/bin/unwrapped/lnx64.o/vivado_hls'
INFO: [HLS 200-10] For user 'hildeb47' on host '500235e510a4' (Linux_x86_64 version 4.9.125-linuxkit) on Tue Apr 23 23:57:27 UTC 2019
INFO: [HLS 200-10] On os Ubuntu 16.04.6 LTS
INFO: [HLS 200-10] In directory '/home/hildeb47/proj/ECE1373_GhostSynth/mods/noisy'
INFO: [HLS 200-10] Opening project '/home/hildeb47/proj/ECE1373_GhostSynth/mods/noisy/noise'.
INFO: [HLS 200-10] Opening solution '/home/hildeb47/proj/ECE1373_GhostSynth/mods/noisy/noise/solution1'.
INFO: [SYN 201-201] Setting up clock 'default' with a period of 10ns.
INFO: [HLS 200-10] Setting target device to 'xc7z100ffg900-1'
INFO: [IMPL 213-8] Exporting RTL as an IP in IP-XACT.

****** Vivado v2017.2 (64-bit)
  **** SW Build 1909853 on Thu Jun 15 18:39:10 MDT 2017
  **** IP Build 1909766 on Thu Jun 15 19:58:00 MDT 2017
    ** Copyright 1986-2017 Xilinx, Inc. All Rights Reserved.

source run_ippack.tcl -notrace
INFO: [IP_Flow 19-234] Refreshing IP repositories
INFO: [IP_Flow 19-1704] No user IP repositories specified
INFO: [IP_Flow 19-2313] Loaded Vivado IP repository '/opt/Xilinx_2017_2/Vivado/2017.2/data/ip'.
WARNING: [IP_Flow 19-4832] The IP name 'noisy_ap_fadd_3_full_dsp_32' you have specified is long. The Windows operating system has path length limitations. It is recommended you use shorter names to reduce the likelihood of issues.
INFO: [IP_Flow 19-1686] Generating 'Synthesis' target for IP 'noisy_ap_fadd_3_full_dsp_32'...
INFO: [IP_Flow 19-1686] Generating 'Simulation' target for IP 'noisy_ap_fadd_3_full_dsp_32'...
WARNING: [IP_Flow 19-4832] The IP name 'noisy_ap_uitofp_4_no_dsp_32' you have specified is long. The Windows operating system has path length limitations. It is recommended you use shorter names to reduce the likelihood of issues.
INFO: [IP_Flow 19-1686] Generating 'Synthesis' target for IP 'noisy_ap_uitofp_4_no_dsp_32'...
INFO: [IP_Flow 19-1686] Generating 'Simulation' target for IP 'noisy_ap_uitofp_4_no_dsp_32'...
WARNING: [IP_Flow 19-4832] The IP name 'noisy_ap_fmul_2_max_dsp_32' you have specified is long. The Windows operating system has path length limitations. It is recommended you use shorter names to reduce the likelihood of issues.
INFO: [IP_Flow 19-1686] Generating 'Synthesis' target for IP 'noisy_ap_fmul_2_max_dsp_32'...
INFO: [IP_Flow 19-1686] Generating 'Simulation' target for IP 'noisy_ap_fmul_2_max_dsp_32'...
INFO: [IP_Flow 19-234] Refreshing IP repositories
INFO: [IP_Flow 19-1704] No user IP repositories specified
INFO: [IP_Flow 19-2313] Loaded Vivado IP repository '/opt/Xilinx_2017_2/Vivado/2017.2/data/ip'.
INFO: [Common 17-206] Exiting Vivado at Tue Apr 23 23:57:49 2019...
